-------------------------------------------------------------------------------
Test set: Tests.ComputerTest
-------------------------------------------------------------------------------
Tests run: 1, Failures: 0, Errors: 1, Skipped: 0, Time elapsed: 63.257 s <<< FAILURE! - in Tests.ComputerTest
takeMortgageMTS  Time elapsed: 63.083 s  <<< ERROR!
org.openqa.selenium.remote.UnreachableBrowserException: 
Error communicating with the remote browser. It may have died.
Build info: version: '4.8.1', revision: '8ebccac989'
System info: os.name: 'Windows 10', os.arch: 'amd64', os.version: '10.0', java.version: '19.0.1'
Driver info: org.openqa.selenium.chrome.ChromeDriver
Command: [795a2f750364b3b00060772d0444c4ca, get {url=https://www.mtsbank.ru/}]
selenide.url: https://www.mtsbank.ru/
Capabilities {acceptInsecureCerts: true, browserName: chrome, browserVersion: 113.0.5672.127, chrome: {chromedriverVersion: 113.0.5672.63 (0e1a4471d5ae..., userDataDir: D:\Temp\scoped_dir21924_178...}, goog:chromeOptions: {debuggerAddress: localhost:55663}, networkConnectionEnabled: false, pageLoadStrategy: normal, platformName: WINDOWS, proxy: Proxy(), se:cdp: ws://localhost:55663/devtoo..., se:cdpVersion: 113.0.5672.127, setWindowRect: true, strictFileInteractability: false, timeouts: {implicit: 0, pageLoad: 300000, script: 30000}, unhandledPromptBehavior: accept, webauthn:extension:credBlob: true, webauthn:extension:largeBlob: true, webauthn:extension:minPinLength: true, webauthn:extension:prf: true, webauthn:virtualAuthenticators: true}
selenide.baseUrl: http://localhost:8080
Session ID: 795a2f750364b3b00060772d0444c4ca
	at Tests.ComputerTest.takeMortgageMTS(ComputerTest.java:77)
Caused by: java.io.UncheckedIOException: java.net.SocketException: Connection reset
	at Tests.ComputerTest.takeMortgageMTS(ComputerTest.java:77)
Caused by: java.net.SocketException: Connection reset

