<?xml version="1.0" encoding="UTF-8"?>
<testsuite xmlns:xsi="http://www.w3.org/2001/XMLSchema-instance" xsi:noNamespaceSchemaLocation="https://maven.apache.org/surefire/maven-surefire-plugin/xsd/surefire-test-report.xsd" name="Tests.ComputerTest" time="63.257" tests="1" errors="1" skipped="0" failures="0">
  <properties>
[...]
</properties>
  <testcase name="takeMortgageMTS" classname="Tests.ComputerTest" time="63.083">
    <error message="Error communicating with the remote browser. It may have died.&#10;Build info: version: &apos;4.8.1&apos;, revision: &apos;8ebccac989&apos;&#10;System info: os.name: &apos;Windows 10&apos;, os.arch: &apos;amd64&apos;, os.version: &apos;10.0&apos;, java.version: &apos;19.0.1&apos;&#10;Driver info: org.openqa.selenium.chrome.ChromeDriver&#10;Command: [795a2f750364b3b00060772d0444c4ca, get {url=https://www.mtsbank.ru/}]&#10;selenide.url: https://www.mtsbank.ru/&#10;Capabilities {acceptInsecureCerts: true, browserName: chrome, browserVersion: 113.0.5672.127, chrome: {chromedriverVersion: 113.0.5672.63 (0e1a4471d5ae..., userDataDir: D:\Temp\scoped_dir21924_178...}, goog:chromeOptions: {debuggerAddress: localhost:55663}, networkConnectionEnabled: false, pageLoadStrategy: normal, platformName: WINDOWS, proxy: Proxy(), se:cdp: ws://localhost:55663/devtoo..., se:cdpVersion: 113.0.5672.127, setWindowRect: true, strictFileInteractability: false, timeouts: {implicit: 0, pageLoad: 300000, script: 30000}, unhandledPromptBehavior: accept, webauthn:extension:credBlob: true, webauthn:extension:largeBlob: true, webauthn:extension:minPinLength: true, webauthn:extension:prf: true, webauthn:virtualAuthenticators: true}&#10;selenide.baseUrl: http://localhost:8080&#10;Session ID: 795a2f750364b3b00060772d0444c4ca" type="org.openqa.selenium.remote.UnreachableBrowserException">org.openqa.selenium.remote.UnreachableBrowserException: 
Error communicating with the remote browser. It may have died.
Build info: version: '4.8.1', revision: '8ebccac989'
System info: os.name: 'Windows 10', os.arch: 'amd64', os.version: '10.0', java.version: '19.0.1'
Driver info: org.openqa.selenium.chrome.ChromeDriver
Command: [795a2f750364b3b00060772d0444c4ca, get {url=https://www.mtsbank.ru/}]
selenide.url: https://www.mtsbank.ru/
Capabilities {acceptInsecureCerts: true, browserName: chrome, browserVersion: 113.0.5672.127, chrome: {chromedriverVersion: 113.0.5672.63 (0e1a4471d5ae..., userDataDir: D:\Temp\scoped_dir21924_178...}, goog:chromeOptions: {debuggerAddress: localhost:55663}, networkConnectionEnabled: false, pageLoadStrategy: normal, platformName: WINDOWS, proxy: Proxy(), se:cdp: ws://localhost:55663/devtoo..., se:cdpVersion: 113.0.5672.127, setWindowRect: true, strictFileInteractability: false, timeouts: {implicit: 0, pageLoad: 300000, script: 30000}, unhandledPromptBehavior: accept, webauthn:extension:credBlob: true, webauthn:extension:largeBlob: true, webauthn:extension:minPinLength: true, webauthn:extension:prf: true, webauthn:virtualAuthenticators: true}
selenide.baseUrl: http://localhost:8080
Session ID: 795a2f750364b3b00060772d0444c4ca
	at Tests.ComputerTest.takeMortgageMTS(ComputerTest.java:77)
Caused by: java.io.UncheckedIOException: java.net.SocketException: Connection reset
	at Tests.ComputerTest.takeMortgageMTS(ComputerTest.java:77)
Caused by: java.net.SocketException: Connection reset
</error>
  </testcase>
</testsuite>