<?xml version="1.0" encoding="UTF-8"?>
<testsuite xmlns:xsi="http://www.w3.org/2001/XMLSchema-instance" xsi:noNamespaceSchemaLocation="https://maven.apache.org/surefire/maven-surefire-plugin/xsd/surefire-test-report.xsd" name="Tests.MobileTest" time="57.593" tests="11" errors="7" skipped="0" failures="4">
  <properties>
[...]
</properties>
  <testcase name="takePaymentAccount" classname="Tests.MobileTest" time="44.418">
    <error message="Error communicating with the remote browser. It may have died.&#10;Build info: version: &apos;4.8.1&apos;, revision: &apos;8ebccac989&apos;&#10;System info: os.name: &apos;Windows 10&apos;, os.arch: &apos;amd64&apos;, os.version: &apos;10.0&apos;, java.version: &apos;19.0.1&apos;&#10;Driver info: org.openqa.selenium.chrome.ChromeDriver&#10;Command: [e74a97a59c2a31cfd545dd69393ca4f6, get {url=https://www.mtsbank.ru/}]&#10;selenide.url: https://www.mtsbank.ru/&#10;Capabilities {acceptInsecureCerts: true, browserName: chrome, browserVersion: 113.0.5672.127, chrome: {chromedriverVersion: 113.0.5672.63 (0e1a4471d5ae..., userDataDir: D:\Temp\scoped_dir23076_103...}, goog:chromeOptions: {debuggerAddress: localhost:55661}, networkConnectionEnabled: false, pageLoadStrategy: normal, platformName: WINDOWS, proxy: Proxy(), se:cdp: ws://localhost:55661/devtoo..., se:cdpVersion: 113.0.5672.127, setWindowRect: true, strictFileInteractability: false, timeouts: {implicit: 0, pageLoad: 300000, script: 30000}, unhandledPromptBehavior: accept, webauthn:extension:credBlob: true, webauthn:extension:largeBlob: true, webauthn:extension:minPinLength: true, webauthn:extension:prf: true, webauthn:virtualAuthenticators: true}&#10;selenide.baseUrl: http://localhost:8080&#10;Session ID: e74a97a59c2a31cfd545dd69393ca4f6" type="org.openqa.selenium.remote.UnreachableBrowserException">org.openqa.selenium.remote.UnreachableBrowserException: 
Error communicating with the remote browser. It may have died.
Build info: version: '4.8.1', revision: '8ebccac989'
System info: os.name: 'Windows 10', os.arch: 'amd64', os.version: '10.0', java.version: '19.0.1'
Driver info: org.openqa.selenium.chrome.ChromeDriver
Command: [e74a97a59c2a31cfd545dd69393ca4f6, get {url=https://www.mtsbank.ru/}]
selenide.url: https://www.mtsbank.ru/
Capabilities {acceptInsecureCerts: true, browserName: chrome, browserVersion: 113.0.5672.127, chrome: {chromedriverVersion: 113.0.5672.63 (0e1a4471d5ae..., userDataDir: D:\Temp\scoped_dir23076_103...}, goog:chromeOptions: {debuggerAddress: localhost:55661}, networkConnectionEnabled: false, pageLoadStrategy: normal, platformName: WINDOWS, proxy: Proxy(), se:cdp: ws://localhost:55661/devtoo..., se:cdpVersion: 113.0.5672.127, setWindowRect: true, strictFileInteractability: false, timeouts: {implicit: 0, pageLoad: 300000, script: 30000}, unhandledPromptBehavior: accept, webauthn:extension:credBlob: true, webauthn:extension:largeBlob: true, webauthn:extension:minPinLength: true, webauthn:extension:prf: true, webauthn:virtualAuthenticators: true}
selenide.baseUrl: http://localhost:8080
Session ID: e74a97a59c2a31cfd545dd69393ca4f6
	at Tests.MobileTest.takePaymentAccount(MobileTest.java:102)
Caused by: java.io.UncheckedIOException: java.net.SocketException: Connection reset
	at Tests.MobileTest.takePaymentAccount(MobileTest.java:102)
Caused by: java.net.SocketException: Connection reset
</error>
    <system-err><![CDATA[Starting ChromeDriver 113.0.5672.63 (0e1a4471d5ae5bf128b1bd8f4d627c8cbd55f70c-refs/branch-heads/5672@{#912}) on port 45975
Only local connections are allowed.
Please see https://chromedriver.chromium.org/security-considerations for suggestions on keeping ChromeDriver safe.
ChromeDriver was started successfully.
Starting ChromeDriver 113.0.5672.63 (0e1a4471d5ae5bf128b1bd8f4d627c8cbd55f70c-refs/branch-heads/5672@{#912}) on port 25666
Only local connections are allowed.
Please see https://chromedriver.chromium.org/security-considerations for suggestions on keeping ChromeDriver safe.
ChromeDriver was started successfully.
Starting ChromeDriver 113.0.5672.63 (0e1a4471d5ae5bf128b1bd8f4d627c8cbd55f70c-refs/branch-heads/5672@{#912}) on port 42344
Only local connections are allowed.
Please see https://chromedriver.chromium.org/security-considerations for suggestions on keeping ChromeDriver safe.
ChromeDriver was started successfully.
Starting ChromeDriver 113.0.5672.63 (0e1a4471d5ae5bf128b1bd8f4d627c8cbd55f70c-refs/branch-heads/5672@{#912}) on port 30284
Only local connections are allowed.
Please see https://chromedriver.chromium.org/security-considerations for suggestions on keeping ChromeDriver safe.
ChromeDriver was started successfully.
Starting ChromeDriver 113.0.5672.63 (0e1a4471d5ae5bf128b1bd8f4d627c8cbd55f70c-refs/branch-heads/5672@{#912}) on port 21697
Only local connections are allowed.
Please see https://chromedriver.chromium.org/security-considerations for suggestions on keeping ChromeDriver safe.
ChromeDriver was started successfully.
Starting ChromeDriver 113.0.5672.63 (0e1a4471d5ae5bf128b1bd8f4d627c8cbd55f70c-refs/branch-heads/5672@{#912}) on port 16290
Only local connections are allowed.
Please see https://chromedriver.chromium.org/security-considerations for suggestions on keeping ChromeDriver safe.
ChromeDriver was started successfully.
Starting ChromeDriver 113.0.5672.63 (0e1a4471d5ae5bf128b1bd8f4d627c8cbd55f70c-refs/branch-heads/5672@{#912}) on port 21502
Only local connections are allowed.
Please see https://chromedriver.chromium.org/security-considerations for suggestions on keeping ChromeDriver safe.
ChromeDriver was started successfully.
Starting ChromeDriver 113.0.5672.63 (0e1a4471d5ae5bf128b1bd8f4d627c8cbd55f70c-refs/branch-heads/5672@{#912}) on port 32577
Only local connections are allowed.
Please see https://chromedriver.chromium.org/security-considerations for suggestions on keeping ChromeDriver safe.
ChromeDriver was started successfully.
Starting ChromeDriver 113.0.5672.63 (0e1a4471d5ae5bf128b1bd8f4d627c8cbd55f70c-refs/branch-heads/5672@{#912}) on port 19898
Only local connections are allowed.
Please see https://chromedriver.chromium.org/security-considerations for suggestions on keeping ChromeDriver safe.
ChromeDriver was started successfully.
Starting ChromeDriver 113.0.5672.63 (0e1a4471d5ae5bf128b1bd8f4d627c8cbd55f70c-refs/branch-heads/5672@{#912}) on port 11521
Only local connections are allowed.
Please see https://chromedriver.chromium.org/security-considerations for suggestions on keeping ChromeDriver safe.
ChromeDriver was started successfully.
мая 25, 2023 7:59:35 PM org.openqa.selenium.devtools.CdpVersionFinder findNearestMatch
WARNING: Unable to find an exact match for CDP version 113, so returning the closest version found: 110
мая 25, 2023 7:59:36 PM org.openqa.selenium.devtools.CdpVersionFinder findNearestMatch
WARNING: Unable to find an exact match for CDP version 113, so returning the closest version found: 110
мая 25, 2023 7:59:35 PM org.openqa.selenium.devtools.CdpVersionFinder findNearestMatch
WARNING: Unable to find an exact match for CDP version 113, so returning the closest version found: 110
мая 25, 2023 7:59:35 PM org.openqa.selenium.devtools.CdpVersionFinder findNearestMatch
WARNING: Unable to find an exact match for CDP version 113, so returning the closest version found: 110
мая 25, 2023 7:59:38 PM org.openqa.selenium.devtools.CdpVersionFinder findNearestMatch
WARNING: Unable to find an exact match for CDP version 113, so returning the closest version found: 110
мая 25, 2023 7:59:41 PM org.openqa.selenium.devtools.CdpVersionFinder findNearestMatch
WARNING: Unable to find an exact match for CDP version 113, so returning the closest version found: 110
мая 25, 2023 7:59:41 PM org.openqa.selenium.devtools.CdpVersionFinder findNearestMatch
WARNING: Unable to find an exact match for CDP version 113, so returning the closest version found: 110
мая 25, 2023 7:59:41 PM org.openqa.selenium.devtools.CdpVersionFinder findNearestMatch
WARNING: Unable to find an exact match for CDP version 113, so returning the closest version found: 110
мая 25, 2023 7:59:45 PM org.openqa.selenium.devtools.CdpVersionFinder findNearestMatch
WARNING: Unable to find an exact match for CDP version 113, so returning the closest version found: 110
Starting ChromeDriver 113.0.5672.63 (0e1a4471d5ae5bf128b1bd8f4d627c8cbd55f70c-refs/branch-heads/5672@{#912}) on port 38410
Only local connections are allowed.
Please see https://chromedriver.chromium.org/security-considerations for suggestions on keeping ChromeDriver safe.
ChromeDriver was started successfully.
Starting ChromeDriver 113.0.5672.63 (0e1a4471d5ae5bf128b1bd8f4d627c8cbd55f70c-refs/branch-heads/5672@{#912}) on port 30687
Only local connections are allowed.
Please see https://chromedriver.chromium.org/security-considerations for suggestions on keeping ChromeDriver safe.
ChromeDriver was started successfully.
мая 25, 2023 7:59:47 PM org.openqa.selenium.devtools.CdpVersionFinder findNearestMatch
WARNING: Unable to find an exact match for CDP version 113, so returning the closest version found: 110
[1685033993.493][WARNING]: Processing messages while being disconnected
[1685033993.921][WARNING]: Processing messages while being disconnected
[1685033994.291][WARNING]: Processing messages while being disconnected
[1685033994.715][WARNING]: Processing messages while being disconnected
[1685033995.085][WARNING]: Processing messages while being disconnected
[1685033995.463][WARNING]: Processing messages while being disconnected
мая 25, 2023 7:59:58 PM org.openqa.selenium.devtools.CdpVersionFinder findNearestMatch
WARNING: Unable to find an exact match for CDP version 113, so returning the closest version found: 110
[1685034001.368][WARNING]: Processing messages while being disconnected
]]></system-err>
  </testcase>
  <testcase name="takePaymentAccount" classname="Tests.ComputerTest" time="56.874">
    <failure message="Element not found {By.xpath: (//*[@class=&apos;LinkWrapper-sc-a7l7fm-0 eaxjcO sc-cTkxnA hVRtzw&apos;])[1]}&#10;Expected: visible&#10;Page source: file:/D:/Развитие/Программирование/javaproject/AllureSelenideMTS-main/build/reports/tests/1685034020859.2.html&#10;Timeout: 4 s.&#10;Caused by: NoSuchWindowException: no such window: target window already closed" type="com.codeborne.selenide.ex.ElementNotFound">com.codeborne.selenide.ex.ElementNotFound: 
Element not found {By.xpath: (//*[@class='LinkWrapper-sc-a7l7fm-0 eaxjcO sc-cTkxnA hVRtzw'])[1]}
Expected: visible
Page source: file:/D:/Развитие/Программирование/javaproject/AllureSelenideMTS-main/build/reports/tests/1685034020859.2.html
Timeout: 4 s.
Caused by: NoSuchWindowException: no such window: target window already closed
	at Tests.ComputerTest.takePaymentAccount(ComputerTest.java:102)
Caused by: org.openqa.selenium.NoSuchWindowException: 
no such window: target window already closed
from unknown error: web view not found
  (Session info: chrome=113.0.5672.127)
Build info: version: '4.8.1', revision: '8ebccac989'
System info: os.name: 'Windows 10', os.arch: 'amd64', os.version: '10.0', java.version: '19.0.1'
Driver info: org.openqa.selenium.chrome.ChromeDriver
Command: [01c083378bf0e3df91f928577c03775e, findElement {using=xpath, value=(//*[@class='LinkWrapper-sc-a7l7fm-0 eaxjcO sc-cTkxnA hVRtzw'])[1]}]
Capabilities {acceptInsecureCerts: true, browserName: chrome, browserVersion: 113.0.5672.127, chrome: {chromedriverVersion: 113.0.5672.63 (0e1a4471d5ae..., userDataDir: D:\Temp\scoped_dir7620_1963...}, goog:chromeOptions: {debuggerAddress: localhost:54661}, networkConnectionEnabled: false, pageLoadStrategy: normal, platformName: WINDOWS, proxy: Proxy(), se:cdp: ws://localhost:54661/devtoo..., se:cdpVersion: 113.0.5672.127, setWindowRect: true, strictFileInteractability: false, timeouts: {implicit: 0, pageLoad: 300000, script: 30000}, unhandledPromptBehavior: accept, webauthn:extension:credBlob: true, webauthn:extension:largeBlob: true, webauthn:extension:minPinLength: true, webauthn:extension:prf: true, webauthn:virtualAuthenticators: true}
Session ID: 01c083378bf0e3df91f928577c03775e
	at Tests.ComputerTest.takePaymentAccount(ComputerTest.java:102)
</failure>
  </testcase>
  <testcase name="takeATMAdress" classname="Tests.ComputerTest" time="44.42">
    <error message="Error communicating with the remote browser. It may have died.&#10;Build info: version: &apos;4.8.1&apos;, revision: &apos;8ebccac989&apos;&#10;System info: os.name: &apos;Windows 10&apos;, os.arch: &apos;amd64&apos;, os.version: &apos;10.0&apos;, java.version: &apos;19.0.1&apos;&#10;Driver info: org.openqa.selenium.chrome.ChromeDriver&#10;Command: [1fb1c9a297edf4a4abc79ab17dd50592, get {url=https://www.mtsbank.ru/}]&#10;selenide.url: https://www.mtsbank.ru/&#10;Capabilities {acceptInsecureCerts: true, browserName: chrome, browserVersion: 113.0.5672.127, chrome: {chromedriverVersion: 113.0.5672.63 (0e1a4471d5ae..., userDataDir: D:\Temp\scoped_dir11412_199...}, goog:chromeOptions: {debuggerAddress: localhost:55646}, networkConnectionEnabled: false, pageLoadStrategy: normal, platformName: WINDOWS, proxy: Proxy(), se:cdp: ws://localhost:55646/devtoo..., se:cdpVersion: 113.0.5672.127, setWindowRect: true, strictFileInteractability: false, timeouts: {implicit: 0, pageLoad: 300000, script: 30000}, unhandledPromptBehavior: accept, webauthn:extension:credBlob: true, webauthn:extension:largeBlob: true, webauthn:extension:minPinLength: true, webauthn:extension:prf: true, webauthn:virtualAuthenticators: true}&#10;selenide.baseUrl: http://localhost:8080&#10;Session ID: 1fb1c9a297edf4a4abc79ab17dd50592" type="org.openqa.selenium.remote.UnreachableBrowserException">org.openqa.selenium.remote.UnreachableBrowserException: 
Error communicating with the remote browser. It may have died.
Build info: version: '4.8.1', revision: '8ebccac989'
System info: os.name: 'Windows 10', os.arch: 'amd64', os.version: '10.0', java.version: '19.0.1'
Driver info: org.openqa.selenium.chrome.ChromeDriver
Command: [1fb1c9a297edf4a4abc79ab17dd50592, get {url=https://www.mtsbank.ru/}]
selenide.url: https://www.mtsbank.ru/
Capabilities {acceptInsecureCerts: true, browserName: chrome, browserVersion: 113.0.5672.127, chrome: {chromedriverVersion: 113.0.5672.63 (0e1a4471d5ae..., userDataDir: D:\Temp\scoped_dir11412_199...}, goog:chromeOptions: {debuggerAddress: localhost:55646}, networkConnectionEnabled: false, pageLoadStrategy: normal, platformName: WINDOWS, proxy: Proxy(), se:cdp: ws://localhost:55646/devtoo..., se:cdpVersion: 113.0.5672.127, setWindowRect: true, strictFileInteractability: false, timeouts: {implicit: 0, pageLoad: 300000, script: 30000}, unhandledPromptBehavior: accept, webauthn:extension:credBlob: true, webauthn:extension:largeBlob: true, webauthn:extension:minPinLength: true, webauthn:extension:prf: true, webauthn:virtualAuthenticators: true}
selenide.baseUrl: http://localhost:8080
Session ID: 1fb1c9a297edf4a4abc79ab17dd50592
	at Tests.ComputerTest.takeATMAdress(ComputerTest.java:89)
Caused by: java.io.UncheckedIOException: java.net.SocketException: Connection reset
	at Tests.ComputerTest.takeATMAdress(ComputerTest.java:89)
Caused by: java.net.SocketException: Connection reset
</error>
  </testcase>
  <testcase name="takeATMAdress" classname="Tests.MobileTest" time="56.783">
    <failure message="Element not found {By.xpath: (//*[@class=&apos;LinkWrapper-sc-a7l7fm-0 eaxjcO sc-cTkxnA hVRtzw&apos;])[3]}&#10;Expected: visible&#10;Page source: file:/D:/Развитие/Программирование/javaproject/AllureSelenideMTS-main/build/reports/tests/1685034020759.0.html&#10;Timeout: 4 s.&#10;Caused by: NoSuchWindowException: no such window: target window already closed" type="com.codeborne.selenide.ex.ElementNotFound">com.codeborne.selenide.ex.ElementNotFound: 
Element not found {By.xpath: (//*[@class='LinkWrapper-sc-a7l7fm-0 eaxjcO sc-cTkxnA hVRtzw'])[3]}
Expected: visible
Page source: file:/D:/Развитие/Программирование/javaproject/AllureSelenideMTS-main/build/reports/tests/1685034020759.0.html
Timeout: 4 s.
Caused by: NoSuchWindowException: no such window: target window already closed
	at Tests.MobileTest.takeATMAdress(MobileTest.java:90)
Caused by: org.openqa.selenium.NoSuchWindowException: 
no such window: target window already closed
from unknown error: web view not found
  (Session info: chrome=113.0.5672.127)
Build info: version: '4.8.1', revision: '8ebccac989'
System info: os.name: 'Windows 10', os.arch: 'amd64', os.version: '10.0', java.version: '19.0.1'
Driver info: org.openqa.selenium.chrome.ChromeDriver
Command: [ff996d083741518000545d9d135a2be7, findElement {using=xpath, value=(//*[@class='LinkWrapper-sc-a7l7fm-0 eaxjcO sc-cTkxnA hVRtzw'])[3]}]
Capabilities {acceptInsecureCerts: true, browserName: chrome, browserVersion: 113.0.5672.127, chrome: {chromedriverVersion: 113.0.5672.63 (0e1a4471d5ae..., userDataDir: D:\Temp\scoped_dir20296_582...}, goog:chromeOptions: {debuggerAddress: localhost:54664}, networkConnectionEnabled: false, pageLoadStrategy: normal, platformName: WINDOWS, proxy: Proxy(), se:cdp: ws://localhost:54664/devtoo..., se:cdpVersion: 113.0.5672.127, setWindowRect: true, strictFileInteractability: false, timeouts: {implicit: 0, pageLoad: 300000, script: 30000}, unhandledPromptBehavior: accept, webauthn:extension:credBlob: true, webauthn:extension:largeBlob: true, webauthn:extension:minPinLength: true, webauthn:extension:prf: true, webauthn:virtualAuthenticators: true}
Session ID: ff996d083741518000545d9d135a2be7
	at Tests.MobileTest.takeATMAdress(MobileTest.java:90)
</failure>
  </testcase>
  <testcase name="takeLoanMTS" classname="Tests.MobileTest" time="44.555">
    <error message="Error communicating with the remote browser. It may have died.&#10;Build info: version: &apos;4.8.1&apos;, revision: &apos;8ebccac989&apos;&#10;System info: os.name: &apos;Windows 10&apos;, os.arch: &apos;amd64&apos;, os.version: &apos;10.0&apos;, java.version: &apos;19.0.1&apos;&#10;Driver info: org.openqa.selenium.chrome.ChromeDriver&#10;Command: [dc1343ec77f6fad5d3ebf9bf7d018def, get {url=https://www.mtsbank.ru/}]&#10;selenide.url: https://www.mtsbank.ru/&#10;Capabilities {acceptInsecureCerts: true, browserName: chrome, browserVersion: 113.0.5672.127, chrome: {chromedriverVersion: 113.0.5672.63 (0e1a4471d5ae..., userDataDir: D:\Temp\scoped_dir10384_207...}, goog:chromeOptions: {debuggerAddress: localhost:55660}, networkConnectionEnabled: false, pageLoadStrategy: normal, platformName: WINDOWS, proxy: Proxy(), se:cdp: ws://localhost:55660/devtoo..., se:cdpVersion: 113.0.5672.127, setWindowRect: true, strictFileInteractability: false, timeouts: {implicit: 0, pageLoad: 300000, script: 30000}, unhandledPromptBehavior: accept, webauthn:extension:credBlob: true, webauthn:extension:largeBlob: true, webauthn:extension:minPinLength: true, webauthn:extension:prf: true, webauthn:virtualAuthenticators: true}&#10;selenide.baseUrl: http://localhost:8080&#10;Session ID: dc1343ec77f6fad5d3ebf9bf7d018def" type="org.openqa.selenium.remote.UnreachableBrowserException">org.openqa.selenium.remote.UnreachableBrowserException: 
Error communicating with the remote browser. It may have died.
Build info: version: '4.8.1', revision: '8ebccac989'
System info: os.name: 'Windows 10', os.arch: 'amd64', os.version: '10.0', java.version: '19.0.1'
Driver info: org.openqa.selenium.chrome.ChromeDriver
Command: [dc1343ec77f6fad5d3ebf9bf7d018def, get {url=https://www.mtsbank.ru/}]
selenide.url: https://www.mtsbank.ru/
Capabilities {acceptInsecureCerts: true, browserName: chrome, browserVersion: 113.0.5672.127, chrome: {chromedriverVersion: 113.0.5672.63 (0e1a4471d5ae..., userDataDir: D:\Temp\scoped_dir10384_207...}, goog:chromeOptions: {debuggerAddress: localhost:55660}, networkConnectionEnabled: false, pageLoadStrategy: normal, platformName: WINDOWS, proxy: Proxy(), se:cdp: ws://localhost:55660/devtoo..., se:cdpVersion: 113.0.5672.127, setWindowRect: true, strictFileInteractability: false, timeouts: {implicit: 0, pageLoad: 300000, script: 30000}, unhandledPromptBehavior: accept, webauthn:extension:credBlob: true, webauthn:extension:largeBlob: true, webauthn:extension:minPinLength: true, webauthn:extension:prf: true, webauthn:virtualAuthenticators: true}
selenide.baseUrl: http://localhost:8080
Session ID: dc1343ec77f6fad5d3ebf9bf7d018def
	at Tests.MobileTest.takeLoanMTS(MobileTest.java:41)
Caused by: java.io.UncheckedIOException: java.net.SocketException: Connection reset
	at Tests.MobileTest.takeLoanMTS(MobileTest.java:41)
Caused by: java.net.SocketException: Connection reset
</error>
  </testcase>
  <testcase name="takeLoanMTS" classname="Tests.ComputerTest" time="56.783">
    <failure message="Element not found {By.xpath: (//*[@class=&apos;sc-jJEKmz ejANpH&apos;])[3]}&#10;Expected: visible&#10;Page source: file:/D:/Развитие/Программирование/javaproject/AllureSelenideMTS-main/build/reports/tests/1685034020759.1.html&#10;Timeout: 4 s.&#10;Caused by: NoSuchWindowException: no such window: target window already closed" type="com.codeborne.selenide.ex.ElementNotFound">com.codeborne.selenide.ex.ElementNotFound: 
Element not found {By.xpath: (//*[@class='sc-jJEKmz ejANpH'])[3]}
Expected: visible
Page source: file:/D:/Развитие/Программирование/javaproject/AllureSelenideMTS-main/build/reports/tests/1685034020759.1.html
Timeout: 4 s.
Caused by: NoSuchWindowException: no such window: target window already closed
	at Tests.ComputerTest.takeLoanMTS(ComputerTest.java:42)
Caused by: org.openqa.selenium.NoSuchWindowException: 
no such window: target window already closed
from unknown error: web view not found
  (Session info: chrome=113.0.5672.127)
Build info: version: '4.8.1', revision: '8ebccac989'
System info: os.name: 'Windows 10', os.arch: 'amd64', os.version: '10.0', java.version: '19.0.1'
Driver info: org.openqa.selenium.chrome.ChromeDriver
Command: [3fdeff66af24a77cb5d964c6eb98a60a, findElement {using=xpath, value=(//*[@class='sc-jJEKmz ejANpH'])[3]}]
Capabilities {acceptInsecureCerts: true, browserName: chrome, browserVersion: 113.0.5672.127, chrome: {chromedriverVersion: 113.0.5672.63 (0e1a4471d5ae..., userDataDir: D:\Temp\scoped_dir20352_216...}, goog:chromeOptions: {debuggerAddress: localhost:54685}, networkConnectionEnabled: false, pageLoadStrategy: normal, platformName: WINDOWS, proxy: Proxy(), se:cdp: ws://localhost:54685/devtoo..., se:cdpVersion: 113.0.5672.127, setWindowRect: true, strictFileInteractability: false, timeouts: {implicit: 0, pageLoad: 300000, script: 30000}, unhandledPromptBehavior: accept, webauthn:extension:credBlob: true, webauthn:extension:largeBlob: true, webauthn:extension:minPinLength: true, webauthn:extension:prf: true, webauthn:virtualAuthenticators: true}
Session ID: 3fdeff66af24a77cb5d964c6eb98a60a
	at Tests.ComputerTest.takeLoanMTS(ComputerTest.java:42)
</failure>
  </testcase>
  <testcase name="takeVk" classname="Tests.MobileTest" time="44.555">
    <error message="Error communicating with the remote browser. It may have died.&#10;Build info: version: &apos;4.8.1&apos;, revision: &apos;8ebccac989&apos;&#10;System info: os.name: &apos;Windows 10&apos;, os.arch: &apos;amd64&apos;, os.version: &apos;10.0&apos;, java.version: &apos;19.0.1&apos;&#10;Driver info: org.openqa.selenium.chrome.ChromeDriver&#10;Command: [16df1a8bf94d89e12ee7ef791dcfcc1e, get {url=https://www.mtsbank.ru/}]&#10;selenide.url: https://www.mtsbank.ru/&#10;Capabilities {acceptInsecureCerts: true, browserName: chrome, browserVersion: 113.0.5672.127, chrome: {chromedriverVersion: 113.0.5672.63 (0e1a4471d5ae..., userDataDir: D:\Temp\scoped_dir23888_174...}, goog:chromeOptions: {debuggerAddress: localhost:55680}, networkConnectionEnabled: false, pageLoadStrategy: normal, platformName: WINDOWS, proxy: Proxy(), se:cdp: ws://localhost:55680/devtoo..., se:cdpVersion: 113.0.5672.127, setWindowRect: true, strictFileInteractability: false, timeouts: {implicit: 0, pageLoad: 300000, script: 30000}, unhandledPromptBehavior: accept, webauthn:extension:credBlob: true, webauthn:extension:largeBlob: true, webauthn:extension:minPinLength: true, webauthn:extension:prf: true, webauthn:virtualAuthenticators: true}&#10;selenide.baseUrl: http://localhost:8080&#10;Session ID: 16df1a8bf94d89e12ee7ef791dcfcc1e" type="org.openqa.selenium.remote.UnreachableBrowserException">org.openqa.selenium.remote.UnreachableBrowserException: 
Error communicating with the remote browser. It may have died.
Build info: version: '4.8.1', revision: '8ebccac989'
System info: os.name: 'Windows 10', os.arch: 'amd64', os.version: '10.0', java.version: '19.0.1'
Driver info: org.openqa.selenium.chrome.ChromeDriver
Command: [16df1a8bf94d89e12ee7ef791dcfcc1e, get {url=https://www.mtsbank.ru/}]
selenide.url: https://www.mtsbank.ru/
Capabilities {acceptInsecureCerts: true, browserName: chrome, browserVersion: 113.0.5672.127, chrome: {chromedriverVersion: 113.0.5672.63 (0e1a4471d5ae..., userDataDir: D:\Temp\scoped_dir23888_174...}, goog:chromeOptions: {debuggerAddress: localhost:55680}, networkConnectionEnabled: false, pageLoadStrategy: normal, platformName: WINDOWS, proxy: Proxy(), se:cdp: ws://localhost:55680/devtoo..., se:cdpVersion: 113.0.5672.127, setWindowRect: true, strictFileInteractability: false, timeouts: {implicit: 0, pageLoad: 300000, script: 30000}, unhandledPromptBehavior: accept, webauthn:extension:credBlob: true, webauthn:extension:largeBlob: true, webauthn:extension:minPinLength: true, webauthn:extension:prf: true, webauthn:virtualAuthenticators: true}
selenide.baseUrl: http://localhost:8080
Session ID: 16df1a8bf94d89e12ee7ef791dcfcc1e
	at Tests.MobileTest.takeVk(MobileTest.java:115)
Caused by: java.io.UncheckedIOException: java.net.SocketException: Connection reset
	at Tests.MobileTest.takeVk(MobileTest.java:115)
Caused by: java.net.SocketException: Connection reset
</error>
  </testcase>
  <testcase name="takeVk" classname="Tests.ComputerTest" time="48.138">
    <error message="Could not start a new session. Response code 500. Message: unknown error: Chrome failed to start: exited normally.&#10;  (chrome not reachable)&#10;  (The process started from chrome location C:\Program Files (x86)\Google\Chrome\Application\chrome.exe is no longer running, so ChromeDriver is assuming that Chrome has crashed.) &#10;Host info: host: &apos;HUMMER&apos;, ip: &apos;10.8.27.59&apos;&#10;Build info: version: &apos;4.8.1&apos;, revision: &apos;8ebccac989&apos;&#10;System info: os.name: &apos;Windows 10&apos;, os.arch: &apos;amd64&apos;, os.version: &apos;10.0&apos;, java.version: &apos;19.0.1&apos;&#10;Driver info: org.openqa.selenium.chrome.ChromeDriver&#10;Command: [null, newSession {capabilities=[Capabilities {acceptInsecureCerts: true, browserName: chrome, goog:chromeOptions: {args: [--proxy-bypass-list=&lt;-loopb..., --disable-dev-shm-usage, --no-sandbox, --remote-allow-origins=*, --window-size=1366,768], excludeSwitches: [enable-automation, load-extension], extensions: [], mobileEmulation: {deviceName: Nexus 5}, prefs: {credentials_enable_service: false, download.default_directory: D:\Развитие\Программировани..., plugins.always_open_pdf_externally: true, profile.default_content_setting_values.automatic_downloads: 1, safebrowsing.enabled: true}}, pageLoadStrategy: normal, unhandledPromptBehavior: accept}], desiredCapabilities=Capabilities {acceptInsecureCerts: true, browserName: chrome, goog:chromeOptions: {args: [--proxy-bypass-list=&lt;-loopb..., --disable-dev-shm-usage, --no-sandbox, --remote-allow-origins=*, --window-size=1366,768], excludeSwitches: [enable-automation, load-extension], extensions: [], mobileEmulation: {deviceName: Nexus 5}, prefs: {credentials_enable_service: false, download.default_directory: D:\Развитие\Программировани..., plugins.always_open_pdf_externally: true, profile.default_content_setting_values.automatic_downloads: 1, safebrowsing.enabled: true}}, pageLoadStrategy: normal, unhandledPromptBehavior: accept}}]&#10;selenide.url: https://www.mtsbank.ru/&#10;selenide.baseUrl: http://localhost:8080" type="org.openqa.selenium.SessionNotCreatedException"><![CDATA[org.openqa.selenium.SessionNotCreatedException: 
Could not start a new session. Response code 500. Message: unknown error: Chrome failed to start: exited normally.
  (chrome not reachable)
  (The process started from chrome location C:\Program Files (x86)\Google\Chrome\Application\chrome.exe is no longer running, so ChromeDriver is assuming that Chrome has crashed.) 
Host info: host: 'HUMMER', ip: '10.8.27.59'
Build info: version: '4.8.1', revision: '8ebccac989'
System info: os.name: 'Windows 10', os.arch: 'amd64', os.version: '10.0', java.version: '19.0.1'
Driver info: org.openqa.selenium.chrome.ChromeDriver
Command: [null, newSession {capabilities=[Capabilities {acceptInsecureCerts: true, browserName: chrome, goog:chromeOptions: {args: [--proxy-bypass-list=<-loopb..., --disable-dev-shm-usage, --no-sandbox, --remote-allow-origins=*, --window-size=1366,768], excludeSwitches: [enable-automation, load-extension], extensions: [], mobileEmulation: {deviceName: Nexus 5}, prefs: {credentials_enable_service: false, download.default_directory: D:\Развитие\Программировани..., plugins.always_open_pdf_externally: true, profile.default_content_setting_values.automatic_downloads: 1, safebrowsing.enabled: true}}, pageLoadStrategy: normal, unhandledPromptBehavior: accept}], desiredCapabilities=Capabilities {acceptInsecureCerts: true, browserName: chrome, goog:chromeOptions: {args: [--proxy-bypass-list=<-loopb..., --disable-dev-shm-usage, --no-sandbox, --remote-allow-origins=*, --window-size=1366,768], excludeSwitches: [enable-automation, load-extension], extensions: [], mobileEmulation: {deviceName: Nexus 5}, prefs: {credentials_enable_service: false, download.default_directory: D:\Развитие\Программировани..., plugins.always_open_pdf_externally: true, profile.default_content_setting_values.automatic_downloads: 1, safebrowsing.enabled: true}}, pageLoadStrategy: normal, unhandledPromptBehavior: accept}}]
selenide.url: https://www.mtsbank.ru/
selenide.baseUrl: http://localhost:8080
	at Tests.ComputerTest.takeVk(ComputerTest.java:115)
]]></error>
  </testcase>
  <testcase name="takeCardMTS" classname="Tests.ComputerTest" time="44.556">
    <error message="Error communicating with the remote browser. It may have died.&#10;Build info: version: &apos;4.8.1&apos;, revision: &apos;8ebccac989&apos;&#10;System info: os.name: &apos;Windows 10&apos;, os.arch: &apos;amd64&apos;, os.version: &apos;10.0&apos;, java.version: &apos;19.0.1&apos;&#10;Driver info: org.openqa.selenium.chrome.ChromeDriver&#10;Command: [e461d4cff79b1fef2ceef5c7dc8262e0, get {url=https://www.mtsbank.ru/}]&#10;selenide.url: https://www.mtsbank.ru/&#10;Capabilities {acceptInsecureCerts: true, browserName: chrome, browserVersion: 113.0.5672.127, chrome: {chromedriverVersion: 113.0.5672.63 (0e1a4471d5ae..., userDataDir: D:\Temp\scoped_dir24332_195...}, goog:chromeOptions: {debuggerAddress: localhost:55669}, networkConnectionEnabled: false, pageLoadStrategy: normal, platformName: WINDOWS, proxy: Proxy(), se:cdp: ws://localhost:55669/devtoo..., se:cdpVersion: 113.0.5672.127, setWindowRect: true, strictFileInteractability: false, timeouts: {implicit: 0, pageLoad: 300000, script: 30000}, unhandledPromptBehavior: accept, webauthn:extension:credBlob: true, webauthn:extension:largeBlob: true, webauthn:extension:minPinLength: true, webauthn:extension:prf: true, webauthn:virtualAuthenticators: true}&#10;selenide.baseUrl: http://localhost:8080&#10;Session ID: e461d4cff79b1fef2ceef5c7dc8262e0" type="org.openqa.selenium.remote.UnreachableBrowserException">org.openqa.selenium.remote.UnreachableBrowserException: 
Error communicating with the remote browser. It may have died.
Build info: version: '4.8.1', revision: '8ebccac989'
System info: os.name: 'Windows 10', os.arch: 'amd64', os.version: '10.0', java.version: '19.0.1'
Driver info: org.openqa.selenium.chrome.ChromeDriver
Command: [e461d4cff79b1fef2ceef5c7dc8262e0, get {url=https://www.mtsbank.ru/}]
selenide.url: https://www.mtsbank.ru/
Capabilities {acceptInsecureCerts: true, browserName: chrome, browserVersion: 113.0.5672.127, chrome: {chromedriverVersion: 113.0.5672.63 (0e1a4471d5ae..., userDataDir: D:\Temp\scoped_dir24332_195...}, goog:chromeOptions: {debuggerAddress: localhost:55669}, networkConnectionEnabled: false, pageLoadStrategy: normal, platformName: WINDOWS, proxy: Proxy(), se:cdp: ws://localhost:55669/devtoo..., se:cdpVersion: 113.0.5672.127, setWindowRect: true, strictFileInteractability: false, timeouts: {implicit: 0, pageLoad: 300000, script: 30000}, unhandledPromptBehavior: accept, webauthn:extension:credBlob: true, webauthn:extension:largeBlob: true, webauthn:extension:minPinLength: true, webauthn:extension:prf: true, webauthn:virtualAuthenticators: true}
selenide.baseUrl: http://localhost:8080
Session ID: e461d4cff79b1fef2ceef5c7dc8262e0
	at Tests.ComputerTest.takeCardMTS(ComputerTest.java:63)
Caused by: java.io.UncheckedIOException: java.net.SocketException: Connection reset
	at Tests.ComputerTest.takeCardMTS(ComputerTest.java:63)
Caused by: java.net.SocketException: Connection reset
</error>
  </testcase>
  <testcase name="takeCardMTS" classname="Tests.MobileTest" time="57.416">
    <failure message="Element not found {By.xpath: //*[@class=&apos;sc-jJEKmz ejANpH&apos;]}&#10;Expected: visible&#10;Page source: file:/D:/Развитие/Программирование/javaproject/AllureSelenideMTS-main/build/reports/tests/1685034021394.3.html&#10;Timeout: 4 s.&#10;Caused by: NoSuchWindowException: no such window: target window already closed" type="com.codeborne.selenide.ex.ElementNotFound">com.codeborne.selenide.ex.ElementNotFound: 
Element not found {By.xpath: //*[@class='sc-jJEKmz ejANpH']}
Expected: visible
Page source: file:/D:/Развитие/Программирование/javaproject/AllureSelenideMTS-main/build/reports/tests/1685034021394.3.html
Timeout: 4 s.
Caused by: NoSuchWindowException: no such window: target window already closed
	at Tests.MobileTest.takeCardMTS(MobileTest.java:64)
Caused by: org.openqa.selenium.NoSuchWindowException: 
no such window: target window already closed
from unknown error: web view not found
  (Session info: chrome=113.0.5672.127)
Build info: version: '4.8.1', revision: '8ebccac989'
System info: os.name: 'Windows 10', os.arch: 'amd64', os.version: '10.0', java.version: '19.0.1'
Driver info: org.openqa.selenium.chrome.ChromeDriver
Command: [4b39c66cbae841a26ef5c6da99127bbe, findElement {using=xpath, value=//*[@class='sc-jJEKmz ejANpH']}]
Capabilities {acceptInsecureCerts: true, browserName: chrome, browserVersion: 113.0.5672.127, chrome: {chromedriverVersion: 113.0.5672.63 (0e1a4471d5ae..., userDataDir: D:\Temp\scoped_dir21152_128...}, goog:chromeOptions: {debuggerAddress: localhost:54649}, networkConnectionEnabled: false, pageLoadStrategy: normal, platformName: WINDOWS, proxy: Proxy(), se:cdp: ws://localhost:54649/devtoo..., se:cdpVersion: 113.0.5672.127, setWindowRect: true, strictFileInteractability: false, timeouts: {implicit: 0, pageLoad: 300000, script: 30000}, unhandledPromptBehavior: accept, webauthn:extension:credBlob: true, webauthn:extension:largeBlob: true, webauthn:extension:minPinLength: true, webauthn:extension:prf: true, webauthn:virtualAuthenticators: true}
Session ID: 4b39c66cbae841a26ef5c6da99127bbe
	at Tests.MobileTest.takeCardMTS(MobileTest.java:64)
</failure>
  </testcase>
  <testcase name="takeMortgageMTS" classname="Tests.MobileTest" time="48.333">
    <error message="Error communicating with the remote browser. It may have died.&#10;Build info: version: &apos;4.8.1&apos;, revision: &apos;8ebccac989&apos;&#10;System info: os.name: &apos;Windows 10&apos;, os.arch: &apos;amd64&apos;, os.version: &apos;10.0&apos;, java.version: &apos;19.0.1&apos;&#10;Driver info: org.openqa.selenium.chrome.ChromeDriver&#10;Command: [0f4bd31ddd9010f5df8c9e5ec8a246df, get {url=https://www.mtsbank.ru/}]&#10;selenide.url: https://www.mtsbank.ru/&#10;Capabilities {acceptInsecureCerts: true, browserName: chrome, browserVersion: 113.0.5672.127, chrome: {chromedriverVersion: 113.0.5672.63 (0e1a4471d5ae..., userDataDir: D:\Temp\scoped_dir30244_242...}, goog:chromeOptions: {debuggerAddress: localhost:55816}, networkConnectionEnabled: false, pageLoadStrategy: normal, platformName: WINDOWS, proxy: Proxy(), se:cdp: ws://localhost:55816/devtoo..., se:cdpVersion: 113.0.5672.127, setWindowRect: true, strictFileInteractability: false, timeouts: {implicit: 0, pageLoad: 300000, script: 30000}, unhandledPromptBehavior: accept, webauthn:extension:credBlob: true, webauthn:extension:largeBlob: true, webauthn:extension:minPinLength: true, webauthn:extension:prf: true, webauthn:virtualAuthenticators: true}&#10;selenide.baseUrl: http://localhost:8080&#10;Session ID: 0f4bd31ddd9010f5df8c9e5ec8a246df" type="org.openqa.selenium.remote.UnreachableBrowserException">org.openqa.selenium.remote.UnreachableBrowserException: 
Error communicating with the remote browser. It may have died.
Build info: version: '4.8.1', revision: '8ebccac989'
System info: os.name: 'Windows 10', os.arch: 'amd64', os.version: '10.0', java.version: '19.0.1'
Driver info: org.openqa.selenium.chrome.ChromeDriver
Command: [0f4bd31ddd9010f5df8c9e5ec8a246df, get {url=https://www.mtsbank.ru/}]
selenide.url: https://www.mtsbank.ru/
Capabilities {acceptInsecureCerts: true, browserName: chrome, browserVersion: 113.0.5672.127, chrome: {chromedriverVersion: 113.0.5672.63 (0e1a4471d5ae..., userDataDir: D:\Temp\scoped_dir30244_242...}, goog:chromeOptions: {debuggerAddress: localhost:55816}, networkConnectionEnabled: false, pageLoadStrategy: normal, platformName: WINDOWS, proxy: Proxy(), se:cdp: ws://localhost:55816/devtoo..., se:cdpVersion: 113.0.5672.127, setWindowRect: true, strictFileInteractability: false, timeouts: {implicit: 0, pageLoad: 300000, script: 30000}, unhandledPromptBehavior: accept, webauthn:extension:credBlob: true, webauthn:extension:largeBlob: true, webauthn:extension:minPinLength: true, webauthn:extension:prf: true, webauthn:virtualAuthenticators: true}
selenide.baseUrl: http://localhost:8080
Session ID: 0f4bd31ddd9010f5df8c9e5ec8a246df
	at Tests.MobileTest.takeMortgageMTS(MobileTest.java:77)
Caused by: java.io.UncheckedIOException: java.net.SocketException: Connection reset
	at Tests.MobileTest.takeMortgageMTS(MobileTest.java:77)
Caused by: java.net.SocketException: Connection reset
</error>
  </testcase>
</testsuite>